# JRE version: Java(TM) SE Runtime Environment (17.0.7+8) (build 17.0.7+8-LTS-224)
# Java VM: Java HotSpot(TM) 64-Bit Server VM (17.0.7+8-LTS-224, mixed mode, sharing, tiered, compressed oops, compressed class ptrs, g1 gc, windows-amd64)
GC Precious Log:
 CPUs: 4 total, 4 available
 Memory: 8135M
 Large Page Support: Disabled
 NUMA Support: Disabled
 Compressed Oops: Enabled (32-bit)
 Heap Region Size: 1M
 Heap Min Capacity: 256M
 Heap Initial Capacity: 256M
 Heap Max Capacity: 512M
 Pre-touch: Disabled
 Parallel Workers: 4
 Concurrent Workers: 1
 Concurrent Refinement Workers: 4
 Periodic GC: Disabled
Heap:
 garbage-first heap   total 262144K, used 87186K [0x00000000e0000000, 0x0000000100000000)
  region size 1024K, 6 young (6144K), 4 survivors (4096K)
 Metaspace       used 65846K, committed 66560K, reserved 278528K
  class space    used 8720K, committed 9088K, reserved 212992K
GC Heap History (20 events):
Event: 21.961 GC heap before
{Heap before GC invocations=10 (full 0):
 garbage-first heap   total 262144K, used 43330K [0x00000000e0000000, 0x0000000100000000)
  region size 1024K, 14 young (14336K), 13 survivors (13312K)
 Metaspace       used 48821K, committed 49344K, reserved 262144K
  class space    used 6902K, committed 7168K, reserved 212992K
}
Event: 21.992 GC heap after
{Heap after GC invocations=11 (full 0):
 garbage-first heap   total 262144K, used 42864K [0x00000000e0000000, 0x0000000100000000)
  region size 1024K, 1 young (1024K), 1 survivors (1024K)
 Metaspace       used 48821K, committed 49344K, reserved 262144K
  class space    used 6902K, committed 7168K, reserved 212992K
}
Event: 186.676 GC heap before
{Heap before GC invocations=11 (full 0):
 garbage-first heap   total 262144K, used 196464K [0x00000000e0000000, 0x0000000100000000)
  region size 1024K, 151 young (154624K), 1 survivors (1024K)
 Metaspace       used 51271K, committed 51840K, reserved 262144K
  class space    used 7117K, committed 7424K, reserved 212992K
}
Event: 186.691 GC heap after
{Heap after GC invocations=12 (full 0):
 garbage-first heap   total 262144K, used 46960K [0x00000000e0000000, 0x0000000100000000)
  region size 1024K, 5 young (5120K), 5 survivors (5120K)
 Metaspace       used 51271K, committed 51840K, reserved 262144K
  class space    used 7117K, committed 7424K, reserved 212992K
}
Event: 1834.125 GC heap before
{Heap before GC invocations=12 (full 0):
 garbage-first heap   total 262144K, used 197488K [0x00000000e0000000, 0x0000000100000000)
  region size 1024K, 153 young (156672K), 5 survivors (5120K)
 Metaspace       used 52111K, committed 52736K, reserved 262144K
  class space    used 7122K, committed 7424K, reserved 212992K
}
Event: 1834.130 GC heap after
{Heap after GC invocations=13 (full 0):
 garbage-first heap   total 262144K, used 45341K [0x00000000e0000000, 0x0000000100000000)
  region size 1024K, 4 young (4096K), 4 survivors (4096K)
 Metaspace       used 52111K, committed 52736K, reserved 262144K
  class space    used 7122K, committed 7424K, reserved 212992K
}
Event: 4225.635 GC heap before
{Heap before GC invocations=13 (full 0):
 garbage-first heap   total 262144K, used 196893K [0x00000000e0000000, 0x0000000100000000)
  region size 1024K, 153 young (156672K), 4 survivors (4096K)
 Metaspace       used 52521K, committed 53056K, reserved 262144K
  class space    used 7131K, committed 7424K, reserved 212992K
}
Event: 4225.654 GC heap after
{Heap after GC invocations=14 (full 0):
 garbage-first heap   total 262144K, used 51882K [0x00000000e0000000, 0x0000000100000000)
  region size 1024K, 10 young (10240K), 10 survivors (10240K)
 Metaspace       used 52521K, committed 53056K, reserved 262144K
  class space    used 7131K, committed 7424K, reserved 212992K
}
Event: 4229.562 GC heap before
{Heap before GC invocations=14 (full 0):
 garbage-first heap   total 262144K, used 173738K [0x00000000e0000000, 0x0000000100000000)
  region size 1024K, 130 young (133120K), 10 survivors (10240K)
 Metaspace       used 60356K, committed 60928K, reserved 270336K
  class space    used 8138K, committed 8384K, reserved 212992K
}
Event: 4229.620 GC heap after
{Heap after GC invocations=15 (full 0):
 garbage-first heap   total 262144K, used 69498K [0x00000000e0000000, 0x0000000100000000)
  region size 1024K, 20 young (20480K), 20 survivors (20480K)
 Metaspace       used 60356K, committed 60928K, reserved 270336K
  class space    used 8138K, committed 8384K, reserved 212992K
}
Event: 4801.924 GC heap before
{Heap before GC invocations=16 (full 0):
 garbage-first heap   total 262144K, used 198522K [0x00000000e0000000, 0x0000000100000000)
  region size 1024K, 147 young (150528K), 20 survivors (20480K)
 Metaspace       used 63895K, committed 64640K, reserved 270336K
  class space    used 8545K, committed 8896K, reserved 212992K
}
Event: 4801.979 GC heap after
{Heap after GC invocations=17 (full 0):
 garbage-first heap   total 262144K, used 74090K [0x00000000e0000000, 0x0000000100000000)
  region size 1024K, 10 young (10240K), 10 survivors (10240K)
 Metaspace       used 63895K, committed 64640K, reserved 270336K
  class space    used 8545K, committed 8896K, reserved 212992K
}
Event: 4802.043 GC heap before
{Heap before GC invocations=17 (full 0):
 garbage-first heap   total 262144K, used 75114K [0x00000000e0000000, 0x0000000100000000)
  region size 1024K, 12 young (12288K), 10 survivors (10240K)
 Metaspace       used 63895K, committed 64640K, reserved 270336K
  class space    used 8545K, committed 8896K, reserved 212992K
}
Event: 4802.066 GC heap after
{Heap after GC invocations=18 (full 0):
 garbage-first heap   total 262144K, used 75776K [0x00000000e0000000, 0x0000000100000000)
  region size 1024K, 2 young (2048K), 2 survivors (2048K)
 Metaspace       used 63895K, committed 64640K, reserved 270336K
  class space    used 8545K, committed 8896K, reserved 212992K
}
Event: 4808.135 GC heap before
{Heap before GC invocations=18 (full 0):
 garbage-first heap   total 262144K, used 201728K [0x00000000e0000000, 0x0000000100000000)
  region size 1024K, 125 young (128000K), 2 survivors (2048K)
 Metaspace       used 65172K, committed 65792K, reserved 270336K
  class space    used 8679K, committed 9024K, reserved 212992K
}
Event: 4808.162 GC heap after
{Heap after GC invocations=19 (full 0):
 garbage-first heap   total 262144K, used 91641K [0x00000000e0000000, 0x0000000100000000)
  region size 1024K, 16 young (16384K), 16 survivors (16384K)
 Metaspace       used 65172K, committed 65792K, reserved 270336K
  class space    used 8679K, committed 9024K, reserved 212992K
}
Event: 5642.109 GC heap before
{Heap before GC invocations=19 (full 0):
 garbage-first heap   total 262144K, used 197113K [0x00000000e0000000, 0x0000000100000000)
  region size 1024K, 120 young (122880K), 16 survivors (16384K)
 Metaspace       used 65711K, committed 66368K, reserved 278528K
  class space    used 8712K, committed 9024K, reserved 212992K
}
Event: 5642.126 GC heap after
{Heap after GC invocations=20 (full 0):
 garbage-first heap   total 262144K, used 88059K [0x00000000e0000000, 0x0000000100000000)
  region size 1024K, 6 young (6144K), 6 survivors (6144K)
 Metaspace       used 65711K, committed 66368K, reserved 278528K
  class space    used 8712K, committed 9024K, reserved 212992K
}
Event: 6520.810 GC heap before
{Heap before GC invocations=20 (full 0):
 garbage-first heap   total 262144K, used 199675K [0x00000000e0000000, 0x0000000100000000)
  region size 1024K, 116 young (118784K), 6 survivors (6144K)
 Metaspace       used 65846K, committed 66560K, reserved 278528K
  class space    used 8720K, committed 9088K, reserved 212992K
}
Event: 6520.820 GC heap after
{Heap after GC invocations=21 (full 0):
 garbage-first heap   total 262144K, used 86162K [0x00000000e0000000, 0x0000000100000000)
  region size 1024K, 4 young (4096K), 4 survivors (4096K)
 Metaspace       used 65846K, committed 66560K, reserved 278528K
  class space    used 8720K, committed 9088K, reserved 212992K
}

